Arguments: 
  /usr/bin/node /usr/share/yarn/bin/yarn.js

PATH: 
  /home/jk/.wasmtime/bin:/home/jk/.local/share/solana/install/active_release/bin:/home/jk/local/apps/bin:/home/jk/.cargo/bin:/home/jk/.local/bin:/usr/local/sbin:/usr/local/bin:/usr/sbin:/usr/bin:/sbin:/bin:/usr/games:/usr/local/games:/snap/bin:/snap/bin

Yarn version: 
  1.22.19

Node version: 
  16.15.1

Platform: 
  linux x64

Trace: 
  Error: ENOSPC: no space left on device, copyfile '/home/jk/.cache/yarn/v6/npm-@bcoe-v8-coverage-0.2.3-75a2e8b51cb758a7553d6804a5932d7aace75c39-integrity/node_modules/@bcoe/v8-coverage/dist/lib/CHANGELOG.md' -> '/home/jk/programming/exercism.io/wasm/grains/node_modules/@bcoe/v8-coverage/dist/lib/CHANGELOG.md'

npm manifest: 
  {
    "name": "@exercism/wasm-grains",
    "description": "Exercism exercises in WebAssembly.",
    "author": "Sean McBride",
    "type": "module",
    "private": true,
    "license": "MIT",
    "repository": {
      "type": "git",
      "url": "https://github.com/exercism/wasm",
      "directory": "exercises/practice/grains"
    },
    "jest": {
      "maxWorkers": 1
    },
    "devDependencies": {
      "@exercism/babel-preset-javascript": "^0.1.2",
      "@exercism/eslint-config-javascript": "^0.6.0",
      "@types/jest": "^27.4.0",
      "@types/node": "^16.11.22",
      "babel-jest": "^27.5.1",
      "core-js": "^3.21.0",
      "eslint": "^8.8.0",
      "jest": "^27.5.0"
    },
    "scripts": {
      "test": "node --experimental-vm-modules node_modules/jest/bin/jest.js ./*",
      "watch": "node --experimental-vm-modules node_modules/jest/bin/jest.js --watch ./*",
      "lint": "eslint ."
    },
    "dependencies": {
      "@exercism/wasm-lib": "^0.1.0"
    }
  }

yarn manifest: 
  No manifest

Lockfile: 
  No lockfile
